{ Using PSTWRITER 16.6.0 d001Oct-06-2014 at 15:22:27 }

#1 WARNING(ORCAP-36049): Ignoring following Component Definition properties since they also exists as Component Instance properties in C:\Cadence\SPB_16.6\tools/capture/allegro.cfg.
              BRCMPN , DEPOP
#2 WARNING(ORCAP-36042): Pin "GND" is renamed to "GND#G1" as visible power pin of same name already exists in Package RF-2GND-J , J1: SCHEMATIC1, 3-RF (3.00, 3.20).
#3 WARNING(ORCAP-36042): Pin "GND" is renamed to "GND#G2" as visible power pin of same name already exists in Package RF-2GND-J , J1: SCHEMATIC1, 3-RF (3.00, 3.20).
#4 WARNING(ORCAP-36042): Pin "SHIELD" is renamed to "SHIELD#SH1" as visible power pin of same name already exists in Package USB-5P-6SH-J , J7: SCHEMATIC1, 4-INTERFACE (7.35, 6.26).
#5 WARNING(ORCAP-36042): Pin "SHIELD" is renamed to "SHIELD#SH2" as visible power pin of same name already exists in Package USB-5P-6SH-J , J7: SCHEMATIC1, 4-INTERFACE (7.35, 6.26).
#6 WARNING(ORCAP-36042): Pin "SHIELD" is renamed to "SHIELD#SH3" as visible power pin of same name already exists in Package USB-5P-6SH-J , J7: SCHEMATIC1, 4-INTERFACE (7.35, 6.26).
#7 WARNING(ORCAP-36042): Pin "SHIELD" is renamed to "SHIELD#SH4" as visible power pin of same name already exists in Package USB-5P-6SH-J , J7: SCHEMATIC1, 4-INTERFACE (7.35, 6.26).
#8 WARNING(ORCAP-36042): Pin "SHIELD" is renamed to "SHIELD#SH5" as visible power pin of same name already exists in Package USB-5P-6SH-J , J7: SCHEMATIC1, 4-INTERFACE (7.35, 6.26).
#9 WARNING(ORCAP-36042): Pin "SHIELD" is renamed to "SHIELD#SH6" as visible power pin of same name already exists in Package USB-5P-6SH-J , J7: SCHEMATIC1, 4-INTERFACE (7.35, 6.26).
#10 WARNING(ORCAP-36042): Pin "VSS" is renamed to "VSS#5" as visible power pin of same name already exists in Package XC9236-ADJ-DFN6H , U5: SCHEMATIC1, 4-INTERFACE (6.88, 0.93).
#11 WARNING(ORCAP-36042): Pin "VSS" is renamed to "VSS#2" as visible power pin of same name already exists in Package XC9236-ADJ-DFN6H , U5: SCHEMATIC1, 4-INTERFACE (6.88, 0.93).
#12 WARNING(ORCAP-36042): Pin "GND" is renamed to "GND#2" as visible power pin of same name already exists in Package XTAL-1G3G , Y1: SCHEMATIC1, 3-RF (13.20, 5.20).
#13 WARNING(ORCAP-36042): Pin "GND" is renamed to "GND#4" as visible power pin of same name already exists in Package XTAL-1G3G , Y1: SCHEMATIC1, 3-RF (13.20, 5.20).
INFO(ORCAP-36080): Scanning netlist files ...

Loading... J:\128\128343-0000_01\SCHEMATIC\allegro/pstchip.dat

Loading... J:\128\128343-0000_01\SCHEMATIC\allegro/pstchip.dat

Loading... J:\128\128343-0000_01\SCHEMATIC\allegro/pstxprt.dat

Loading... J:\128\128343-0000_01\SCHEMATIC\allegro/pstxnet.dat
packaging the design view...